\BOOKMARK [1][-]{section.1}{\376\377\213\272\145\207\121\231\117\134\131\047\176\262}{}% 1
\BOOKMARK [2][-]{subsection.1.1}{\376\377\144\130\211\201}{section.1}% 2
\BOOKMARK [2][-]{subsection.1.2}{\376\377\137\025\212\000}{section.1}% 3
\BOOKMARK [2][-]{subsection.1.3}{\376\377\200\314\146\157\124\214\122\250\147\072}{section.1}% 4
\BOOKMARK [2][-]{subsection.1.4}{\376\377\155\367\124\010\134\102\176\247\121\163\225\056\140\035\140\363}{section.1}% 5
\BOOKMARK [2][-]{subsection.1.5}{\376\377\000H\000y\000b\000r\000i\000d\000T\000i\000e\000r\155\367\124\010\134\102\176\247\213\276\213\241}{section.1}% 6
\BOOKMARK [2][-]{subsection.1.6}{\376\377\133\236\232\214\213\276\213\241}{section.1}% 7
\BOOKMARK [2][-]{subsection.1.7}{\376\377\174\373\176\337\213\304\117\060}{section.1}% 8
\BOOKMARK [2][-]{subsection.1.8}{\376\377\213\250\213\272\060\001\166\370\121\163\135\345\117\134\123\312\176\323\213\272}{section.1}% 9
\BOOKMARK [1][-]{section.2}{\376\377\213\272\145\207\121\205\133\271\122\006\147\220}{}% 10
\BOOKMARK [2][-]{subsection.2.1}{\376\377\213\272\145\207\173\200\211\201\140\073\176\323}{section.2}% 11
\BOOKMARK [2][-]{subsection.2.2}{\376\377\213\272\145\207\117\030\122\277}{section.2}% 12
\BOOKMARK [2][-]{subsection.2.3}{\376\377\213\272\145\207\116\015\215\263}{section.2}% 13
\BOOKMARK [2][-]{subsection.2.4}{\376\377\213\272\145\207\145\071\217\333\136\372\213\256}{section.2}% 14
\BOOKMARK [1][-]{section.3}{\376\377\220\350\122\006\133\236\232\214\126\376\210\150\122\006\147\220}{}% 15
\BOOKMARK [2][-]{subsection.3.1}{\376\377\000C\000a\000c\000h\000e\000L\000i\000b\135\345\117\134\215\037\217\175\133\236\232\214\122\006\147\220}{section.3}% 16
\BOOKMARK [2][-]{subsection.3.2}{\376\377\122\250\140\001\213\277\225\356\122\006\136\003\220\002\136\224\145\366\225\364\133\236\232\214\122\006\147\220}{section.3}% 17
\BOOKMARK [1][-]{section.4}{\376\377\140\073\176\323\116\016\145\066\203\267}{}% 18
\BOOKMARK [1][-]{section.5}{\376\377\167\345\213\306\160\271\116\016\230\230\166\356\177\026\121\231}{}% 19
\BOOKMARK [2][-]{subsection.5.1}{\376\377\200\003\160\271}{section.5}% 20
\BOOKMARK [2][-]{subsection.5.2}{\376\377\230\230\166\356\143\317\217\360}{section.5}% 21
\BOOKMARK [2][-]{subsection.5.3}{\376\377\213\241\173\227\121\154\137\017}{section.5}% 22
\BOOKMARK [2][-]{subsection.5.4}{\376\377\211\343\173\124}{section.5}% 23
